  main.cpp
e:\desktop\filesystem-master\文件系统\fileopera.h(43): warning C4018: “<”: 有符号/无符号不匹配
e:\desktop\filesystem-master\文件系统\fileopera.h(48): warning C4018: “<”: 有符号/无符号不匹配
e:\desktop\filesystem-master\文件系统\fileopera.h(60): warning C4018: “<”: 有符号/无符号不匹配
e:\desktop\filesystem-master\文件系统\fileopera.h(77): warning C4018: “<”: 有符号/无符号不匹配
e:\desktop\filesystem-master\文件系统\fileopera.h(135): warning C4018: “<”: 有符号/无符号不匹配
e:\desktop\filesystem-master\文件系统\fileopera.h(145): warning C4018: “<”: 有符号/无符号不匹配
e:\desktop\filesystem-master\文件系统\fileopera.h(148): warning C4018: “<”: 有符号/无符号不匹配
e:\desktop\filesystem-master\文件系统\fileopera.h(160): warning C4018: “<”: 有符号/无符号不匹配
e:\desktop\filesystem-master\文件系统\fileopera.h(163): warning C4018: “<”: 有符号/无符号不匹配
e:\desktop\filesystem-master\文件系统\fileopera.h(176): warning C4018: “<”: 有符号/无符号不匹配
e:\desktop\filesystem-master\文件系统\command.h(21): warning C4018: “<”: 有符号/无符号不匹配
e:\desktop\filesystem-master\文件系统\command.h(32): warning C4018: “<”: 有符号/无符号不匹配
e:\desktop\filesystem-master\文件系统\command.h(47): warning C4018: “<”: 有符号/无符号不匹配
e:\desktop\filesystem-master\文件系统\command.h(57): warning C4018: “<”: 有符号/无符号不匹配
e:\desktop\filesystem-master\文件系统\command.h(113): warning C4018: “<”: 有符号/无符号不匹配
e:\desktop\filesystem-master\文件系统\command.h(122): warning C4018: “<”: 有符号/无符号不匹配
e:\desktop\filesystem-master\文件系统\command.h(139): warning C4018: “<”: 有符号/无符号不匹配
e:\desktop\filesystem-master\文件系统\command.h(148): warning C4018: “<”: 有符号/无符号不匹配
e:\desktop\filesystem-master\文件系统\command.h(203): warning C4018: “<”: 有符号/无符号不匹配
e:\desktop\filesystem-master\文件系统\command.h(213): warning C4018: “<”: 有符号/无符号不匹配
e:\desktop\filesystem-master\文件系统\command.h(247): warning C4018: “<”: 有符号/无符号不匹配
e:\desktop\filesystem-master\文件系统\command.h(258): warning C4018: “<”: 有符号/无符号不匹配
e:\desktop\filesystem-master\文件系统\command.h(267): warning C4018: “<”: 有符号/无符号不匹配
e:\desktop\filesystem-master\文件系统\command.h(320): warning C4018: “<”: 有符号/无符号不匹配
e:\desktop\filesystem-master\文件系统\command.h(360): warning C4018: “<”: 有符号/无符号不匹配
e:\desktop\filesystem-master\文件系统\command.h(399): warning C4018: “<”: 有符号/无符号不匹配
e:\desktop\filesystem-master\文件系统\command.h(421): warning C4018: “<”: 有符号/无符号不匹配
e:\desktop\filesystem-master\文件系统\command.h(468): warning C4018: “<”: 有符号/无符号不匹配
e:\desktop\filesystem-master\文件系统\command.h(477): warning C4018: “<”: 有符号/无符号不匹配
e:\desktop\filesystem-master\文件系统\command.h(514): warning C4018: “<”: 有符号/无符号不匹配
e:\desktop\filesystem-master\文件系统\command.h(559): warning C4018: “<”: 有符号/无符号不匹配
e:\desktop\filesystem-master\文件系统\command.h(612): warning C4018: “<”: 有符号/无符号不匹配
e:\desktop\filesystem-master\文件系统\command.h(629): warning C4018: “<”: 有符号/无符号不匹配
e:\desktop\filesystem-master\文件系统\command.h(639): warning C4018: “<”: 有符号/无符号不匹配
e:\desktop\filesystem-master\文件系统\command.h(669): warning C4244: “=”: 从“double”转换到“int”，可能丢失数据
e:\desktop\filesystem-master\文件系统\command.h(676): warning C4018: “<”: 有符号/无符号不匹配
e:\desktop\filesystem-master\文件系统\command.h(687): warning C4018: “<”: 有符号/无符号不匹配
e:\desktop\filesystem-master\文件系统\command.h(720): warning C4018: “<”: 有符号/无符号不匹配
e:\desktop\filesystem-master\文件系统\command.h(737): warning C4018: “<”: 有符号/无符号不匹配
e:\desktop\filesystem-master\文件系统\command.h(747): warning C4018: “<”: 有符号/无符号不匹配
e:\desktop\filesystem-master\文件系统\command.h(816): warning C4018: “<”: 有符号/无符号不匹配
e:\desktop\filesystem-master\文件系统\command.h(833): warning C4018: “<”: 有符号/无符号不匹配
e:\desktop\filesystem-master\文件系统\command.h(843): warning C4018: “<”: 有符号/无符号不匹配
e:\desktop\filesystem-master\文件系统\command.h(874): warning C4244: “=”: 从“double”转换到“int”，可能丢失数据
e:\desktop\filesystem-master\文件系统\command.h(881): warning C4018: “<”: 有符号/无符号不匹配
e:\desktop\filesystem-master\文件系统\command.h(892): warning C4018: “<”: 有符号/无符号不匹配
  文件系统.vcxproj -> E:\Desktop\FileSystem-master\Debug\文件系统.exe
  文件系统.vcxproj -> E:\Desktop\FileSystem-master\Debug\文件系统.pdb (Full PDB)
